[12-Oct-2022 16:04:21 Europe/Berlin] PHP Warning:  Undefined array key "productCategory" in /home/jonathanhemmerling/PhpstormProjects/shopix_project/Controller/CategoryController.php on line 10
[12-Oct-2022 16:04:21 Europe/Berlin] PHP Warning:  Undefined array key "id" in /home/jonathanhemmerling/PhpstormProjects/shopix_project/Controller/CategoryController.php on line 10
[12-Oct-2022 16:05:35 Europe/Berlin] PHP Warning:  Undefined array key "productCategory" in /home/jonathanhemmerling/PhpstormProjects/shopix_project/Controller/CategoryController.php on line 9
[12-Oct-2022 16:05:35 Europe/Berlin] PHP Warning:  Undefined array key "id" in /home/jonathanhemmerling/PhpstormProjects/shopix_project/Controller/CategoryController.php on line 9
[12-Oct-2022 16:05:45 Europe/Berlin] PHP Warning:  Undefined array key "productCategory" in /home/jonathanhemmerling/PhpstormProjects/shopix_project/Controller/CategoryController.php on line 9
[12-Oct-2022 16:05:45 Europe/Berlin] PHP Warning:  Undefined array key "id" in /home/jonathanhemmerling/PhpstormProjects/shopix_project/Controller/CategoryController.php on line 9
[12-Oct-2022 16:06:59 Europe/Berlin] PHP Warning:  Undefined array key "productCategory" in /home/jonathanhemmerling/PhpstormProjects/shopix_project/Controller/CategoryController.php on line 9
[12-Oct-2022 16:06:59 Europe/Berlin] PHP Warning:  Undefined array key "id" in /home/jonathanhemmerling/PhpstormProjects/shopix_project/Controller/CategoryController.php on line 9
[12-Oct-2022 19:27:11 Europe/Berlin] PHP Fatal error:  Uncaught Error: Class "CategoryController" not found in /home/jonathanhemmerling/PhpstormProjects/shopix_project/menu.php:3
Stack trace:
#0 /home/jonathanhemmerling/PhpstormProjects/shopix_project/index.php(12): include()
#1 {main}
  thrown in /home/jonathanhemmerling/PhpstormProjects/shopix_project/menu.php on line 3
[12-Oct-2022 19:28:33 Europe/Berlin] PHP Fatal error:  Uncaught Error: Class "CategoryController" not found in /home/jonathanhemmerling/PhpstormProjects/shopix_project/menu.php:3
Stack trace:
#0 /home/jonathanhemmerling/PhpstormProjects/shopix_project/index.php(12): include()
#1 {main}
  thrown in /home/jonathanhemmerling/PhpstormProjects/shopix_project/menu.php on line 3
[12-Oct-2022 19:30:04 Europe/Berlin] PHP Fatal error:  Uncaught Error: Class "Controller\Category" not found in /home/jonathanhemmerling/PhpstormProjects/shopix_project/Controller/CategoryController.php:6
Stack trace:
#0 /home/jonathanhemmerling/PhpstormProjects/shopix_project/Controller/CategoryController.php(9): Controller\CategoryController->getMenuDataFromModel()
#1 /home/jonathanhemmerling/PhpstormProjects/shopix_project/menu.php(7): Controller\CategoryController->giveEncode()
#2 /home/jonathanhemmerling/PhpstormProjects/shopix_project/index.php(12): include('...')
#3 {main}
  thrown in /home/jonathanhemmerling/PhpstormProjects/shopix_project/Controller/CategoryController.php on line 6
[12-Oct-2022 19:31:03 Europe/Berlin] PHP Fatal error:  Uncaught Error: Class "Controller\Model\Category" not found in /home/jonathanhemmerling/PhpstormProjects/shopix_project/Controller/CategoryController.php:6
Stack trace:
#0 /home/jonathanhemmerling/PhpstormProjects/shopix_project/Controller/CategoryController.php(9): Controller\CategoryController->getMenuDataFromModel()
#1 /home/jonathanhemmerling/PhpstormProjects/shopix_project/menu.php(7): Controller\CategoryController->giveEncode()
#2 /home/jonathanhemmerling/PhpstormProjects/shopix_project/index.php(12): include('...')
#3 {main}
  thrown in /home/jonathanhemmerling/PhpstormProjects/shopix_project/Controller/CategoryController.php on line 6
[12-Oct-2022 19:36:07 Europe/Berlin] PHP Fatal error:  Uncaught Error: Class "Controller\Category" not found in /home/jonathanhemmerling/PhpstormProjects/shopix_project/Controller/CategoryController.php:6
Stack trace:
#0 /home/jonathanhemmerling/PhpstormProjects/shopix_project/Controller/CategoryController.php(9): Controller\CategoryController->getMenuDataFromModel()
#1 /home/jonathanhemmerling/PhpstormProjects/shopix_project/menu.php(7): Controller\CategoryController->giveEncode()
#2 /home/jonathanhemmerling/PhpstormProjects/shopix_project/index.php(12): include('...')
#3 {main}
  thrown in /home/jonathanhemmerling/PhpstormProjects/shopix_project/Controller/CategoryController.php on line 6
[12-Oct-2022 19:41:48 Europe/Berlin] PHP Fatal error:  Uncaught Error: Class "Category" not found in /home/jonathanhemmerling/PhpstormProjects/shopix_project/Controller/CategoryController.php:7
Stack trace:
#0 /home/jonathanhemmerling/PhpstormProjects/shopix_project/Controller/CategoryController.php(10): CategoryController->getMenuDataFromModel()
#1 /home/jonathanhemmerling/PhpstormProjects/shopix_project/menu.php(7): CategoryController->giveEncode()
#2 /home/jonathanhemmerling/PhpstormProjects/shopix_project/index.php(19): include('...')
#3 {main}
  thrown in /home/jonathanhemmerling/PhpstormProjects/shopix_project/Controller/CategoryController.php on line 7
[12-Oct-2022 19:41:49 Europe/Berlin] PHP Fatal error:  Uncaught Error: Class "Category" not found in /home/jonathanhemmerling/PhpstormProjects/shopix_project/Controller/CategoryController.php:7
Stack trace:
#0 /home/jonathanhemmerling/PhpstormProjects/shopix_project/Controller/CategoryController.php(10): CategoryController->getMenuDataFromModel()
#1 /home/jonathanhemmerling/PhpstormProjects/shopix_project/menu.php(7): CategoryController->giveEncode()
#2 /home/jonathanhemmerling/PhpstormProjects/shopix_project/index.php(19): include('...')
#3 {main}
  thrown in /home/jonathanhemmerling/PhpstormProjects/shopix_project/Controller/CategoryController.php on line 7
[12-Oct-2022 19:43:41 Europe/Berlin] PHP Fatal error:  Uncaught Error: Call to undefined method CategoryController::giveEncode() in /home/jonathanhemmerling/PhpstormProjects/shopix_project/menu.php:7
Stack trace:
#0 /home/jonathanhemmerling/PhpstormProjects/shopix_project/index.php(19): include()
#1 {main}
  thrown in /home/jonathanhemmerling/PhpstormProjects/shopix_project/menu.php on line 7
[12-Oct-2022 19:44:03 Europe/Berlin] PHP Fatal error:  Uncaught Error: Class "Category" not found in /home/jonathanhemmerling/PhpstormProjects/shopix_project/Controller/CategoryController.php:7
Stack trace:
#0 /home/jonathanhemmerling/PhpstormProjects/shopix_project/menu.php(9): CategoryController->getMenuDataFromModel()
#1 /home/jonathanhemmerling/PhpstormProjects/shopix_project/index.php(19): include('...')
#2 {main}
  thrown in /home/jonathanhemmerling/PhpstormProjects/shopix_project/Controller/CategoryController.php on line 7
[12-Oct-2022 19:44:22 Europe/Berlin] PHP Fatal error:  Cannot declare class CategoryController, because the name is already in use in /home/jonathanhemmerling/PhpstormProjects/shopix_project/Controller/CategoryController.php on line 5
[12-Oct-2022 19:45:28 Europe/Berlin] PHP Fatal error:  Uncaught Error: Class "Category" not found in /home/jonathanhemmerling/PhpstormProjects/shopix_project/Controller/CategoryController.php:7
Stack trace:
#0 /home/jonathanhemmerling/PhpstormProjects/shopix_project/menu.php(9): CategoryController->getMenuDataFromModel()
#1 /home/jonathanhemmerling/PhpstormProjects/shopix_project/index.php(19): include('...')
#2 {main}
  thrown in /home/jonathanhemmerling/PhpstormProjects/shopix_project/Controller/CategoryController.php on line 7
[12-Oct-2022 19:45:32 Europe/Berlin] PHP Fatal error:  Uncaught Error: Class "Category" not found in /home/jonathanhemmerling/PhpstormProjects/shopix_project/Controller/CategoryController.php:7
Stack trace:
#0 /home/jonathanhemmerling/PhpstormProjects/shopix_project/menu.php(9): CategoryController->getMenuDataFromModel()
#1 /home/jonathanhemmerling/PhpstormProjects/shopix_project/index.php(19): include('...')
#2 {main}
  thrown in /home/jonathanhemmerling/PhpstormProjects/shopix_project/Controller/CategoryController.php on line 7
[12-Oct-2022 19:45:33 Europe/Berlin] PHP Fatal error:  Uncaught Error: Class "Category" not found in /home/jonathanhemmerling/PhpstormProjects/shopix_project/Controller/CategoryController.php:7
Stack trace:
#0 /home/jonathanhemmerling/PhpstormProjects/shopix_project/menu.php(9): CategoryController->getMenuDataFromModel()
#1 /home/jonathanhemmerling/PhpstormProjects/shopix_project/index.php(19): include('...')
#2 {main}
  thrown in /home/jonathanhemmerling/PhpstormProjects/shopix_project/Controller/CategoryController.php on line 7
[12-Oct-2022 19:45:52 Europe/Berlin] PHP Fatal error:  Uncaught Error: Class "CategoryController" not found in /home/jonathanhemmerling/PhpstormProjects/shopix_project/menu.php:3
Stack trace:
#0 /home/jonathanhemmerling/PhpstormProjects/shopix_project/index.php(19): include()
#1 {main}
  thrown in /home/jonathanhemmerling/PhpstormProjects/shopix_project/menu.php on line 3
[12-Oct-2022 19:50:16 Europe/Berlin] PHP Fatal error:  Uncaught Error: Class "Controller\Category" not found in /home/jonathanhemmerling/PhpstormProjects/shopix_project/Controller/CategoryController.php:7
Stack trace:
#0 /home/jonathanhemmerling/PhpstormProjects/shopix_project/menu.php(9): Controller\CategoryController->getMenuDataFromModel()
#1 /home/jonathanhemmerling/PhpstormProjects/shopix_project/index.php(14): include('...')
#2 {main}
  thrown in /home/jonathanhemmerling/PhpstormProjects/shopix_project/Controller/CategoryController.php on line 7
[12-Oct-2022 19:59:44 Europe/Berlin] PHP Fatal error:  Uncaught TypeError: Cannot access offset of type string on string in /home/jonathanhemmerling/PhpstormProjects/shopix_project/menu.php:10
Stack trace:
#0 /home/jonathanhemmerling/PhpstormProjects/shopix_project/index.php(14): include()
#1 {main}
  thrown in /home/jonathanhemmerling/PhpstormProjects/shopix_project/menu.php on line 10
[12-Oct-2022 20:10:14 Europe/Berlin] PHP Parse error:  syntax error, unexpected token "[", expecting "," or ";" in /home/jonathanhemmerling/PhpstormProjects/shopix_project/Controller/CategoryController.php on line 7
[12-Oct-2022 20:17:19 Europe/Berlin] PHP Warning:  Array to string conversion in /home/jonathanhemmerling/PhpstormProjects/shopix_project/menu.php on line 11
[12-Oct-2022 20:17:19 Europe/Berlin] PHP Warning:  Array to string conversion in /home/jonathanhemmerling/PhpstormProjects/shopix_project/menu.php on line 11
[12-Oct-2022 20:17:19 Europe/Berlin] PHP Warning:  Array to string conversion in /home/jonathanhemmerling/PhpstormProjects/shopix_project/menu.php on line 11
[12-Oct-2022 20:19:51 Europe/Berlin] PHP Fatal error:  Uncaught Error: Undefined constant "displayName" in /home/jonathanhemmerling/PhpstormProjects/shopix_project/menu.php:11
Stack trace:
#0 /home/jonathanhemmerling/PhpstormProjects/shopix_project/index.php(14): include()
#1 {main}
  thrown in /home/jonathanhemmerling/PhpstormProjects/shopix_project/menu.php on line 11
[12-Oct-2022 20:20:05 Europe/Berlin] PHP Warning:  Array to string conversion in /home/jonathanhemmerling/PhpstormProjects/shopix_project/menu.php on line 11
[12-Oct-2022 20:20:05 Europe/Berlin] PHP Warning:  Array to string conversion in /home/jonathanhemmerling/PhpstormProjects/shopix_project/menu.php on line 11
[12-Oct-2022 20:20:05 Europe/Berlin] PHP Warning:  Array to string conversion in /home/jonathanhemmerling/PhpstormProjects/shopix_project/menu.php on line 11
[12-Oct-2022 20:20:27 Europe/Berlin] PHP Fatal error:  Uncaught Error: Undefined constant "displayName" in /home/jonathanhemmerling/PhpstormProjects/shopix_project/menu.php:11
Stack trace:
#0 /home/jonathanhemmerling/PhpstormProjects/shopix_project/index.php(14): include()
#1 {main}
  thrown in /home/jonathanhemmerling/PhpstormProjects/shopix_project/menu.php on line 11
[12-Oct-2022 20:22:40 Europe/Berlin] PHP Fatal error:  Uncaught TypeError: Cannot access offset of type string on string in /home/jonathanhemmerling/PhpstormProjects/shopix_project/menu.php:11
Stack trace:
#0 /home/jonathanhemmerling/PhpstormProjects/shopix_project/index.php(14): include()
#1 {main}
  thrown in /home/jonathanhemmerling/PhpstormProjects/shopix_project/menu.php on line 11
[12-Oct-2022 20:23:50 Europe/Berlin] PHP Warning:  Array to string conversion in /home/jonathanhemmerling/PhpstormProjects/shopix_project/menu.php on line 9
[12-Oct-2022 20:23:50 Europe/Berlin] PHP Warning:  Undefined array key 0 in /home/jonathanhemmerling/PhpstormProjects/shopix_project/menu.php on line 12
[12-Oct-2022 20:23:50 Europe/Berlin] PHP Warning:  Undefined array key 0 in /home/jonathanhemmerling/PhpstormProjects/shopix_project/menu.php on line 12
[12-Oct-2022 20:23:50 Europe/Berlin] PHP Warning:  Undefined array key 0 in /home/jonathanhemmerling/PhpstormProjects/shopix_project/menu.php on line 12
[12-Oct-2022 20:24:06 Europe/Berlin] PHP Warning:  Undefined array key 0 in /home/jonathanhemmerling/PhpstormProjects/shopix_project/menu.php on line 12
[12-Oct-2022 20:24:06 Europe/Berlin] PHP Warning:  Undefined array key 0 in /home/jonathanhemmerling/PhpstormProjects/shopix_project/menu.php on line 12
[12-Oct-2022 20:24:06 Europe/Berlin] PHP Warning:  Undefined array key 0 in /home/jonathanhemmerling/PhpstormProjects/shopix_project/menu.php on line 12
[12-Oct-2022 20:24:48 Europe/Berlin] PHP Warning:  Undefined array key 0 in /home/jonathanhemmerling/PhpstormProjects/shopix_project/menu.php on line 12
[12-Oct-2022 20:24:48 Europe/Berlin] PHP Warning:  Undefined array key 0 in /home/jonathanhemmerling/PhpstormProjects/shopix_project/menu.php on line 12
[12-Oct-2022 20:24:48 Europe/Berlin] PHP Warning:  Undefined array key 0 in /home/jonathanhemmerling/PhpstormProjects/shopix_project/menu.php on line 12
[12-Oct-2022 20:24:53 Europe/Berlin] PHP Warning:  Undefined array key 0 in /home/jonathanhemmerling/PhpstormProjects/shopix_project/menu.php on line 12
[12-Oct-2022 20:24:53 Europe/Berlin] PHP Warning:  Undefined array key 0 in /home/jonathanhemmerling/PhpstormProjects/shopix_project/menu.php on line 12
[12-Oct-2022 20:24:53 Europe/Berlin] PHP Warning:  Undefined array key 0 in /home/jonathanhemmerling/PhpstormProjects/shopix_project/menu.php on line 12
[12-Oct-2022 20:25:35 Europe/Berlin] PHP Warning:  Undefined array key 0 in /home/jonathanhemmerling/PhpstormProjects/shopix_project/menu.php on line 12
[12-Oct-2022 20:25:35 Europe/Berlin] PHP Warning:  Undefined array key 0 in /home/jonathanhemmerling/PhpstormProjects/shopix_project/menu.php on line 12
[12-Oct-2022 20:25:35 Europe/Berlin] PHP Warning:  Undefined array key 0 in /home/jonathanhemmerling/PhpstormProjects/shopix_project/menu.php on line 12
[12-Oct-2022 20:25:51 Europe/Berlin] PHP Warning:  Array to string conversion in /home/jonathanhemmerling/PhpstormProjects/shopix_project/Controller/CategoryController.php on line 21
[12-Oct-2022 20:25:51 Europe/Berlin] PHP Warning:  Array to string conversion in /home/jonathanhemmerling/PhpstormProjects/shopix_project/Controller/CategoryController.php on line 21
[12-Oct-2022 20:25:51 Europe/Berlin] PHP Warning:  Array to string conversion in /home/jonathanhemmerling/PhpstormProjects/shopix_project/Controller/CategoryController.php on line 21
[12-Oct-2022 20:25:51 Europe/Berlin] PHP Warning:  Undefined array key 0 in /home/jonathanhemmerling/PhpstormProjects/shopix_project/menu.php on line 12
[12-Oct-2022 20:25:51 Europe/Berlin] PHP Warning:  Array to string conversion in /home/jonathanhemmerling/PhpstormProjects/shopix_project/Controller/CategoryController.php on line 21
[12-Oct-2022 20:25:51 Europe/Berlin] PHP Warning:  Array to string conversion in /home/jonathanhemmerling/PhpstormProjects/shopix_project/Controller/CategoryController.php on line 21
[12-Oct-2022 20:25:51 Europe/Berlin] PHP Warning:  Array to string conversion in /home/jonathanhemmerling/PhpstormProjects/shopix_project/Controller/CategoryController.php on line 21
[12-Oct-2022 20:25:51 Europe/Berlin] PHP Warning:  Undefined array key 0 in /home/jonathanhemmerling/PhpstormProjects/shopix_project/menu.php on line 12
[12-Oct-2022 20:25:51 Europe/Berlin] PHP Warning:  Array to string conversion in /home/jonathanhemmerling/PhpstormProjects/shopix_project/Controller/CategoryController.php on line 21
[12-Oct-2022 20:25:51 Europe/Berlin] PHP Warning:  Array to string conversion in /home/jonathanhemmerling/PhpstormProjects/shopix_project/Controller/CategoryController.php on line 21
[12-Oct-2022 20:25:51 Europe/Berlin] PHP Warning:  Array to string conversion in /home/jonathanhemmerling/PhpstormProjects/shopix_project/Controller/CategoryController.php on line 21
[12-Oct-2022 20:25:51 Europe/Berlin] PHP Warning:  Undefined array key 0 in /home/jonathanhemmerling/PhpstormProjects/shopix_project/menu.php on line 12
[12-Oct-2022 20:26:30 Europe/Berlin] PHP Warning:  Undefined array key 0 in /home/jonathanhemmerling/PhpstormProjects/shopix_project/menu.php on line 12
[12-Oct-2022 20:26:30 Europe/Berlin] PHP Warning:  Undefined array key 0 in /home/jonathanhemmerling/PhpstormProjects/shopix_project/menu.php on line 12
[12-Oct-2022 20:26:30 Europe/Berlin] PHP Warning:  Undefined array key 0 in /home/jonathanhemmerling/PhpstormProjects/shopix_project/menu.php on line 12
[12-Oct-2022 20:26:31 Europe/Berlin] PHP Warning:  Undefined array key 0 in /home/jonathanhemmerling/PhpstormProjects/shopix_project/menu.php on line 12
[12-Oct-2022 20:26:31 Europe/Berlin] PHP Warning:  Undefined array key 0 in /home/jonathanhemmerling/PhpstormProjects/shopix_project/menu.php on line 12
[12-Oct-2022 20:26:31 Europe/Berlin] PHP Warning:  Undefined array key 0 in /home/jonathanhemmerling/PhpstormProjects/shopix_project/menu.php on line 12
[12-Oct-2022 20:26:42 Europe/Berlin] PHP Warning:  Undefined array key 0 in /home/jonathanhemmerling/PhpstormProjects/shopix_project/menu.php on line 12
[12-Oct-2022 20:26:42 Europe/Berlin] PHP Warning:  Undefined array key 0 in /home/jonathanhemmerling/PhpstormProjects/shopix_project/menu.php on line 12
[12-Oct-2022 20:26:42 Europe/Berlin] PHP Warning:  Undefined array key 0 in /home/jonathanhemmerling/PhpstormProjects/shopix_project/menu.php on line 12
[12-Oct-2022 20:27:06 Europe/Berlin] PHP Warning:  Undefined array key 0 in /home/jonathanhemmerling/PhpstormProjects/shopix_project/menu.php on line 12
[12-Oct-2022 20:27:06 Europe/Berlin] PHP Warning:  Undefined array key 0 in /home/jonathanhemmerling/PhpstormProjects/shopix_project/menu.php on line 12
[12-Oct-2022 20:27:06 Europe/Berlin] PHP Warning:  Undefined array key 0 in /home/jonathanhemmerling/PhpstormProjects/shopix_project/menu.php on line 12
[12-Oct-2022 20:27:23 Europe/Berlin] PHP Warning:  Array to string conversion in /home/jonathanhemmerling/PhpstormProjects/shopix_project/Controller/CategoryController.php on line 23
[12-Oct-2022 20:27:23 Europe/Berlin] PHP Warning:  Array to string conversion in /home/jonathanhemmerling/PhpstormProjects/shopix_project/Controller/CategoryController.php on line 23
[12-Oct-2022 20:27:23 Europe/Berlin] PHP Warning:  Array to string conversion in /home/jonathanhemmerling/PhpstormProjects/shopix_project/Controller/CategoryController.php on line 23
[12-Oct-2022 20:27:23 Europe/Berlin] PHP Warning:  Undefined array key 0 in /home/jonathanhemmerling/PhpstormProjects/shopix_project/menu.php on line 12
[12-Oct-2022 20:27:23 Europe/Berlin] PHP Warning:  Array to string conversion in /home/jonathanhemmerling/PhpstormProjects/shopix_project/Controller/CategoryController.php on line 23
[12-Oct-2022 20:27:23 Europe/Berlin] PHP Warning:  Array to string conversion in /home/jonathanhemmerling/PhpstormProjects/shopix_project/Controller/CategoryController.php on line 23
[12-Oct-2022 20:27:23 Europe/Berlin] PHP Warning:  Array to string conversion in /home/jonathanhemmerling/PhpstormProjects/shopix_project/Controller/CategoryController.php on line 23
[12-Oct-2022 20:27:23 Europe/Berlin] PHP Warning:  Undefined array key 0 in /home/jonathanhemmerling/PhpstormProjects/shopix_project/menu.php on line 12
[12-Oct-2022 20:27:23 Europe/Berlin] PHP Warning:  Array to string conversion in /home/jonathanhemmerling/PhpstormProjects/shopix_project/Controller/CategoryController.php on line 23
[12-Oct-2022 20:27:23 Europe/Berlin] PHP Warning:  Array to string conversion in /home/jonathanhemmerling/PhpstormProjects/shopix_project/Controller/CategoryController.php on line 23
[12-Oct-2022 20:27:23 Europe/Berlin] PHP Warning:  Array to string conversion in /home/jonathanhemmerling/PhpstormProjects/shopix_project/Controller/CategoryController.php on line 23
[12-Oct-2022 20:27:23 Europe/Berlin] PHP Warning:  Undefined array key 0 in /home/jonathanhemmerling/PhpstormProjects/shopix_project/menu.php on line 12
[12-Oct-2022 20:27:39 Europe/Berlin] PHP Warning:  Undefined array key 0 in /home/jonathanhemmerling/PhpstormProjects/shopix_project/menu.php on line 12
[12-Oct-2022 20:27:39 Europe/Berlin] PHP Warning:  Undefined array key 0 in /home/jonathanhemmerling/PhpstormProjects/shopix_project/menu.php on line 12
[12-Oct-2022 20:27:39 Europe/Berlin] PHP Warning:  Undefined array key 0 in /home/jonathanhemmerling/PhpstormProjects/shopix_project/menu.php on line 12
[12-Oct-2022 20:28:53 Europe/Berlin] PHP Warning:  Undefined array key 0 in /home/jonathanhemmerling/PhpstormProjects/shopix_project/menu.php on line 12
[12-Oct-2022 20:28:53 Europe/Berlin] PHP Warning:  Undefined array key 0 in /home/jonathanhemmerling/PhpstormProjects/shopix_project/menu.php on line 12
[12-Oct-2022 20:28:53 Europe/Berlin] PHP Warning:  Undefined array key 0 in /home/jonathanhemmerling/PhpstormProjects/shopix_project/menu.php on line 12
[12-Oct-2022 20:31:05 Europe/Berlin] PHP Fatal error:  Uncaught Error: Cannot use [] for reading in /home/jonathanhemmerling/PhpstormProjects/shopix_project/Controller/CategoryController.php:23
Stack trace:
#0 /home/jonathanhemmerling/PhpstormProjects/shopix_project/menu.php(12): Controller\CategoryController->getDisplayName()
#1 /home/jonathanhemmerling/PhpstormProjects/shopix_project/index.php(14): include('...')
#2 {main}
  thrown in /home/jonathanhemmerling/PhpstormProjects/shopix_project/Controller/CategoryController.php on line 23
[12-Oct-2022 20:31:10 Europe/Berlin] PHP Warning:  Undefined array key 0 in /home/jonathanhemmerling/PhpstormProjects/shopix_project/menu.php on line 12
[12-Oct-2022 20:31:10 Europe/Berlin] PHP Warning:  Undefined array key 0 in /home/jonathanhemmerling/PhpstormProjects/shopix_project/menu.php on line 12
[12-Oct-2022 20:31:10 Europe/Berlin] PHP Warning:  Undefined array key 0 in /home/jonathanhemmerling/PhpstormProjects/shopix_project/menu.php on line 12
[12-Oct-2022 20:31:18 Europe/Berlin] PHP Warning:  Undefined array key 0 in /home/jonathanhemmerling/PhpstormProjects/shopix_project/Controller/CategoryController.php on line 23
[12-Oct-2022 20:31:18 Europe/Berlin] PHP Warning:  Undefined array key 0 in /home/jonathanhemmerling/PhpstormProjects/shopix_project/Controller/CategoryController.php on line 23
[12-Oct-2022 20:31:18 Europe/Berlin] PHP Warning:  Undefined array key 0 in /home/jonathanhemmerling/PhpstormProjects/shopix_project/Controller/CategoryController.php on line 23
[12-Oct-2022 20:31:18 Europe/Berlin] PHP Warning:  Undefined array key 0 in /home/jonathanhemmerling/PhpstormProjects/shopix_project/menu.php on line 12
[12-Oct-2022 20:31:18 Europe/Berlin] PHP Warning:  Undefined array key 0 in /home/jonathanhemmerling/PhpstormProjects/shopix_project/Controller/CategoryController.php on line 23
[12-Oct-2022 20:31:18 Europe/Berlin] PHP Warning:  Undefined array key 0 in /home/jonathanhemmerling/PhpstormProjects/shopix_project/Controller/CategoryController.php on line 23
[12-Oct-2022 20:31:18 Europe/Berlin] PHP Warning:  Undefined array key 0 in /home/jonathanhemmerling/PhpstormProjects/shopix_project/Controller/CategoryController.php on line 23
[12-Oct-2022 20:31:18 Europe/Berlin] PHP Warning:  Undefined array key 0 in /home/jonathanhemmerling/PhpstormProjects/shopix_project/menu.php on line 12
[12-Oct-2022 20:31:18 Europe/Berlin] PHP Warning:  Undefined array key 0 in /home/jonathanhemmerling/PhpstormProjects/shopix_project/Controller/CategoryController.php on line 23
[12-Oct-2022 20:31:18 Europe/Berlin] PHP Warning:  Undefined array key 0 in /home/jonathanhemmerling/PhpstormProjects/shopix_project/Controller/CategoryController.php on line 23
[12-Oct-2022 20:31:18 Europe/Berlin] PHP Warning:  Undefined array key 0 in /home/jonathanhemmerling/PhpstormProjects/shopix_project/Controller/CategoryController.php on line 23
[12-Oct-2022 20:31:18 Europe/Berlin] PHP Warning:  Undefined array key 0 in /home/jonathanhemmerling/PhpstormProjects/shopix_project/menu.php on line 12
[12-Oct-2022 20:31:26 Europe/Berlin] PHP Warning:  Undefined array key 1 in /home/jonathanhemmerling/PhpstormProjects/shopix_project/Controller/CategoryController.php on line 23
[12-Oct-2022 20:31:26 Europe/Berlin] PHP Warning:  Undefined array key 1 in /home/jonathanhemmerling/PhpstormProjects/shopix_project/Controller/CategoryController.php on line 23
[12-Oct-2022 20:31:26 Europe/Berlin] PHP Warning:  Undefined array key 1 in /home/jonathanhemmerling/PhpstormProjects/shopix_project/Controller/CategoryController.php on line 23
[12-Oct-2022 20:31:26 Europe/Berlin] PHP Warning:  Undefined array key 0 in /home/jonathanhemmerling/PhpstormProjects/shopix_project/menu.php on line 12
[12-Oct-2022 20:31:26 Europe/Berlin] PHP Warning:  Undefined array key 1 in /home/jonathanhemmerling/PhpstormProjects/shopix_project/Controller/CategoryController.php on line 23
[12-Oct-2022 20:31:26 Europe/Berlin] PHP Warning:  Undefined array key 1 in /home/jonathanhemmerling/PhpstormProjects/shopix_project/Controller/CategoryController.php on line 23
[12-Oct-2022 20:31:26 Europe/Berlin] PHP Warning:  Undefined array key 1 in /home/jonathanhemmerling/PhpstormProjects/shopix_project/Controller/CategoryController.php on line 23
[12-Oct-2022 20:31:26 Europe/Berlin] PHP Warning:  Undefined array key 0 in /home/jonathanhemmerling/PhpstormProjects/shopix_project/menu.php on line 12
[12-Oct-2022 20:31:26 Europe/Berlin] PHP Warning:  Undefined array key 1 in /home/jonathanhemmerling/PhpstormProjects/shopix_project/Controller/CategoryController.php on line 23
[12-Oct-2022 20:31:26 Europe/Berlin] PHP Warning:  Undefined array key 1 in /home/jonathanhemmerling/PhpstormProjects/shopix_project/Controller/CategoryController.php on line 23
[12-Oct-2022 20:31:26 Europe/Berlin] PHP Warning:  Undefined array key 1 in /home/jonathanhemmerling/PhpstormProjects/shopix_project/Controller/CategoryController.php on line 23
[12-Oct-2022 20:31:26 Europe/Berlin] PHP Warning:  Undefined array key 0 in /home/jonathanhemmerling/PhpstormProjects/shopix_project/menu.php on line 12
[12-Oct-2022 20:31:34 Europe/Berlin] PHP Warning:  Undefined array key 3 in /home/jonathanhemmerling/PhpstormProjects/shopix_project/Controller/CategoryController.php on line 23
[12-Oct-2022 20:31:34 Europe/Berlin] PHP Warning:  Undefined array key 3 in /home/jonathanhemmerling/PhpstormProjects/shopix_project/Controller/CategoryController.php on line 23
[12-Oct-2022 20:31:34 Europe/Berlin] PHP Warning:  Undefined array key 3 in /home/jonathanhemmerling/PhpstormProjects/shopix_project/Controller/CategoryController.php on line 23
[12-Oct-2022 20:31:34 Europe/Berlin] PHP Warning:  Undefined array key 0 in /home/jonathanhemmerling/PhpstormProjects/shopix_project/menu.php on line 12
[12-Oct-2022 20:31:34 Europe/Berlin] PHP Warning:  Undefined array key 3 in /home/jonathanhemmerling/PhpstormProjects/shopix_project/Controller/CategoryController.php on line 23
[12-Oct-2022 20:31:34 Europe/Berlin] PHP Warning:  Undefined array key 3 in /home/jonathanhemmerling/PhpstormProjects/shopix_project/Controller/CategoryController.php on line 23
[12-Oct-2022 20:31:34 Europe/Berlin] PHP Warning:  Undefined array key 3 in /home/jonathanhemmerling/PhpstormProjects/shopix_project/Controller/CategoryController.php on line 23
[12-Oct-2022 20:31:34 Europe/Berlin] PHP Warning:  Undefined array key 0 in /home/jonathanhemmerling/PhpstormProjects/shopix_project/menu.php on line 12
[12-Oct-2022 20:31:34 Europe/Berlin] PHP Warning:  Undefined array key 3 in /home/jonathanhemmerling/PhpstormProjects/shopix_project/Controller/CategoryController.php on line 23
[12-Oct-2022 20:31:34 Europe/Berlin] PHP Warning:  Undefined array key 3 in /home/jonathanhemmerling/PhpstormProjects/shopix_project/Controller/CategoryController.php on line 23
[12-Oct-2022 20:31:34 Europe/Berlin] PHP Warning:  Undefined array key 3 in /home/jonathanhemmerling/PhpstormProjects/shopix_project/Controller/CategoryController.php on line 23
[12-Oct-2022 20:31:34 Europe/Berlin] PHP Warning:  Undefined array key 0 in /home/jonathanhemmerling/PhpstormProjects/shopix_project/menu.php on line 12
[12-Oct-2022 20:31:49 Europe/Berlin] PHP Warning:  Undefined array key 0 in /home/jonathanhemmerling/PhpstormProjects/shopix_project/menu.php on line 12
[12-Oct-2022 20:31:49 Europe/Berlin] PHP Warning:  Undefined array key 0 in /home/jonathanhemmerling/PhpstormProjects/shopix_project/menu.php on line 12
[12-Oct-2022 20:31:49 Europe/Berlin] PHP Warning:  Undefined array key 0 in /home/jonathanhemmerling/PhpstormProjects/shopix_project/menu.php on line 12
[12-Oct-2022 20:32:07 Europe/Berlin] PHP Warning:  Undefined array key 1 in /home/jonathanhemmerling/PhpstormProjects/shopix_project/Controller/CategoryController.php on line 23
[12-Oct-2022 20:32:07 Europe/Berlin] PHP Warning:  Undefined array key 1 in /home/jonathanhemmerling/PhpstormProjects/shopix_project/Controller/CategoryController.php on line 23
[12-Oct-2022 20:32:07 Europe/Berlin] PHP Warning:  Undefined array key 1 in /home/jonathanhemmerling/PhpstormProjects/shopix_project/Controller/CategoryController.php on line 23
[12-Oct-2022 20:32:07 Europe/Berlin] PHP Warning:  Undefined array key 0 in /home/jonathanhemmerling/PhpstormProjects/shopix_project/menu.php on line 12
[12-Oct-2022 20:32:07 Europe/Berlin] PHP Warning:  Undefined array key 1 in /home/jonathanhemmerling/PhpstormProjects/shopix_project/Controller/CategoryController.php on line 23
[12-Oct-2022 20:32:07 Europe/Berlin] PHP Warning:  Undefined array key 1 in /home/jonathanhemmerling/PhpstormProjects/shopix_project/Controller/CategoryController.php on line 23
[12-Oct-2022 20:32:07 Europe/Berlin] PHP Warning:  Undefined array key 1 in /home/jonathanhemmerling/PhpstormProjects/shopix_project/Controller/CategoryController.php on line 23
[12-Oct-2022 20:32:07 Europe/Berlin] PHP Warning:  Undefined array key 0 in /home/jonathanhemmerling/PhpstormProjects/shopix_project/menu.php on line 12
[12-Oct-2022 20:32:07 Europe/Berlin] PHP Warning:  Undefined array key 1 in /home/jonathanhemmerling/PhpstormProjects/shopix_project/Controller/CategoryController.php on line 23
[12-Oct-2022 20:32:07 Europe/Berlin] PHP Warning:  Undefined array key 1 in /home/jonathanhemmerling/PhpstormProjects/shopix_project/Controller/CategoryController.php on line 23
[12-Oct-2022 20:32:07 Europe/Berlin] PHP Warning:  Undefined array key 1 in /home/jonathanhemmerling/PhpstormProjects/shopix_project/Controller/CategoryController.php on line 23
[12-Oct-2022 20:32:07 Europe/Berlin] PHP Warning:  Undefined array key 0 in /home/jonathanhemmerling/PhpstormProjects/shopix_project/menu.php on line 12
[12-Oct-2022 20:32:16 Europe/Berlin] PHP Warning:  Undefined array key 0 in /home/jonathanhemmerling/PhpstormProjects/shopix_project/menu.php on line 12
[12-Oct-2022 20:32:16 Europe/Berlin] PHP Warning:  Undefined array key 0 in /home/jonathanhemmerling/PhpstormProjects/shopix_project/menu.php on line 12
[12-Oct-2022 20:32:16 Europe/Berlin] PHP Warning:  Undefined array key 0 in /home/jonathanhemmerling/PhpstormProjects/shopix_project/menu.php on line 12
[12-Oct-2022 20:33:19 Europe/Berlin] PHP Warning:  Undefined array key 0 in /home/jonathanhemmerling/PhpstormProjects/shopix_project/menu.php on line 12
[12-Oct-2022 20:33:19 Europe/Berlin] PHP Warning:  Undefined array key 0 in /home/jonathanhemmerling/PhpstormProjects/shopix_project/menu.php on line 12
[12-Oct-2022 20:33:19 Europe/Berlin] PHP Warning:  Undefined array key 0 in /home/jonathanhemmerling/PhpstormProjects/shopix_project/menu.php on line 12
[12-Oct-2022 20:33:25 Europe/Berlin] PHP Warning:  Undefined array key 0 in /home/jonathanhemmerling/PhpstormProjects/shopix_project/menu.php on line 12
[12-Oct-2022 20:33:25 Europe/Berlin] PHP Warning:  Undefined array key 0 in /home/jonathanhemmerling/PhpstormProjects/shopix_project/menu.php on line 12
[12-Oct-2022 20:33:25 Europe/Berlin] PHP Warning:  Undefined array key 0 in /home/jonathanhemmerling/PhpstormProjects/shopix_project/menu.php on line 12
[12-Oct-2022 20:34:34 Europe/Berlin] PHP Fatal error:  Multiple access type modifiers are not allowed in /home/jonathanhemmerling/PhpstormProjects/shopix_project/Controller/CategoryController.php on line 9
[12-Oct-2022 20:35:10 Europe/Berlin] PHP Fatal error:  Uncaught TypeError: Cannot access offset of type string on string in /home/jonathanhemmerling/PhpstormProjects/shopix_project/menu.php:10
Stack trace:
#0 /home/jonathanhemmerling/PhpstormProjects/shopix_project/index.php(14): include()
#1 {main}
  thrown in /home/jonathanhemmerling/PhpstormProjects/shopix_project/menu.php on line 10
[12-Oct-2022 20:36:51 Europe/Berlin] PHP Fatal error:  Uncaught TypeError: Cannot access offset of type string on string in /home/jonathanhemmerling/PhpstormProjects/shopix_project/menu.php:10
Stack trace:
#0 /home/jonathanhemmerling/PhpstormProjects/shopix_project/index.php(14): include()
#1 {main}
  thrown in /home/jonathanhemmerling/PhpstormProjects/shopix_project/menu.php on line 10
