Escaped mutants:
================

1) /home/jonathanhemmerling/PhpstormProjects/shopix_project/src/BackendController/LoginControll.php:84    [M] MethodCallRemoval

--- Original
+++ New
@@ @@
     }
     public function renderView() : void
     {
-        $this->validateLoginData();
+        
         $this->addUserParameterToView();
         $this->view->addTemplateParameter('errors', $this->errors);
         $this->view->setTemplate('login.tpl');
     }
 }


Timed Out mutants:
==================

Skipped mutants:
================
